{"message":"Card with id 1 deleted.","level":"info"}
{"message":"Card with id 1 deleted.","level":"info"}
{"message":"Bookmark with id 1 not found","level":"error"}
{"message":"Title was not provided","level":"error"}
{"message":"Content was not provided","level":"error"}
{"message":"New bookmark created Gage's Title with id 0a4d9242-c068-464d-bbeb-344e21efcee4","level":"info"}
{"message":"New bookmark created Gage's Title with id 1c2e8b3f-f6cf-4e3b-82ee-4542a91bb03b","level":"info"}
{"message":"Unauthorized request to path /","level":"error"}
{"message":"Unauthorized request to path /favicon.ico","level":"error"}
{"message":"Unauthorized request to path /","level":"error"}
{"message":"Content was not provided","level":"error"}
{"message":"New bookmark created A Title with id a0e14cb1-adf6-452d-9b92-97c591f73971","level":"info"}
{"message":"Content was not provided","level":"error"}
{"message":"New bookmark created A Title with id 911a60a3-29ef-4f9f-b56c-dca97efe3e9c","level":"info"}
{"message":"Title was not provided","level":"error"}
{"message":"New bookmark created  with id 590a2d04-698b-40f6-b091-5295cf493e4d","level":"info"}
{"message":"Title was not provided","level":"error"}
{"message":"New bookmark created  with id 21d96698-68ad-40a4-b948-0248eb23ef76","level":"info"}
{"message":"Title was not provided","level":"error"}
{"message":"New bookmark created  with id b911b0ee-060c-4556-ad61-ffb064b4e170","level":"info"}
{"message":"Title was not provided","level":"error"}
{"message":"New bookmark created  with id 663cc6d8-7fe7-4419-8ac4-0de23526e806","level":"info"}
{"message":"Title was not provided","level":"error"}
{"message":"Content was not provided","level":"error"}
{"message":"Title was not provided","level":"error"}
{"message":"New bookmark created  with id 8b620dd5-aef1-4cd2-9b52-7cd6b3e51ae3","level":"info"}
{"message":"Title was not provided","level":"error"}
{"message":"New bookmark created  with id ae6abe83-1c03-4ec3-a34c-c2059e2fe88d","level":"info"}
{"message":"Title was not provided","level":"error"}
{"message":"New bookmark created  with id 9ecb2609-3a6b-4348-9fa5-7bc2e0d97605","level":"info"}
{"message":"Title was not provided","level":"error"}
{"message":"New bookmark created  with id 81e5a324-675c-464d-b800-01a3bd7d2532","level":"info"}
{"message":"Title was not provided","level":"error"}
{"message":"New bookmark created  with id 4bbce477-e45a-493e-adec-5db3f43f7d0e","level":"info"}
{"message":"Title was not provided","level":"error"}
{"message":"New bookmark created  with id e54c9650-4478-42b9-b2c8-da60b6474880","level":"info"}
{"message":"Title was not provided","level":"error"}
{"message":"New bookmark created  with id 1c95bbbb-3a36-43e5-b304-d719e58e8afc","level":"info"}
{"message":"Title was not provided","level":"error"}
